Job fredkin29coef0.50.5:
  submitted at Tue Aug  4 15:24:28 CEST 2015
  running on tqo002 as nicolap
---------------------------------------------------------
0:20:02.538754
[1.2038209329907914, 2.6918263966157414, 0.43728892280093207, 2.0300981553544752, 1.380540236957096, 1.7265457368445414, -6.3215375099770062e-05, -0.063940154406483818, -3.0234572705327232e-05, 1.6191062990010894, -1.3447133799781497, -1.350895794081389, -6.8010913312158629e-05, -1.054620022744176]
9999928   0.6446622045022579   1.7399999999999791
700.9999999999895   0.46842170664306404   2.0299999999999696
800.9999999999861   0.8621968181771226   2.31999999999996
900.9999999999828   0.8462106416954814   2.60999999999995
1000.9999999999795   0.7332520087589687   2.8999999999999404
1100.9999999999761   0.7346901991051108   3.1899999999999307
1200.9999999999727   0.9006642093622013   3.479999999999921
1300.9999999999695   0.9513509535331066   3.769999999999911
1400.9999999999695   0.7368759728748748   4.059999999999911
1500.9999999999814   0.8776609245980338   4.3499999999999455
1600.9999999999934   0.9310222329534716   4.63999999999998
HIT
1700.0000000000052   0.8321257824038697   1.7370999999999903
1800.0000000000173   0.7049438878550194   2.027099999999981
1900.000000000029   0.8832144705856896   2.317099999999971
2000.0000000000412   0.9023449111006605   2.6070999999999613
2100.000000000053   0.886485966048316   2.8970999999999516
2200.000000000065   0.8781180307627073   3.187099999999942
2300.000000000077   0.8640148466530572   3.477099999999932
2400.000000000089   0.9300760090376141   3.7670999999999224
2500.000000000101   0.9244726247836702   4.057099999999921
2600.000000000113   0.9409577051022695   4.347099999999956
2700.000000000125   0.8922106811857582   4.6370999999999905
2800.0000000001364   0.9755508100662842   4.927100000000025
2900.0000000001487   0.9491873964520041   5.21710000000006
3000.0000000001605   0.9740116304070914   5.5071000000000945
Job fredkin29coef0.50.5:
  submitted at Tue Aug  4 16:23:01 CEST 2015
  running on tqo035 as nicolap
---------------------------------------------------------
0:19:35.158412
[0.13737801543659567, 1.8392592709396471, 3.0778758423031634, -0.049250780589954052, 3.0700849918994058, -4.1894084079557787, -4.9306971446296566e-05, 0.098309583732351963, -6.5301259502336818e-05, 1.0950337686052261, 1.4080045032974555, 1.370443662514266, -5.972640235553385e-05, 0.59074002672402226]
