#Job toffStep18coef0.50.5:
#  submitted at Thu Jul  2 18:27:30 CEST 2015
#  running on tqo024 as nicolap
#---------------------------------------------------------
100.99999999999989   0.5399103815299708   0.1799999999999998
200.00000000000063   0.36758861468329523   0.3582000000000011
300.00000000000193   0.642934678634963   0.5382000000000035
400.00000000000324   0.3691411153797545   0.7182000000000058
500.0000000000046   0.6659830717136456   0.8982000000000082
600.0000000000058   0.8788843901401916   1.0782000000000105
700.0000000000072   0.8493419294637979   1.2582000000000129
800.0000000000085   0.8328815778457861   1.4382000000000152
900.0000000000098   0.8866585567506663   1.6182000000000176
1000.0000000000111   0.8214577987900762   1.79820000000002
1100.0000000000125   0.7792079067775041   1.9782000000000224
1200.0000000000027   0.796255605347317   2.1582000000000052
1300.9999999999918   0.9228520044776425   2.339999999999985
1400.9999999999807   0.9182102388664893   2.5199999999999654
1500.9999999999698   0.9113011344956109   2.6999999999999456
1600.9999999999586   0.8682619245699759   2.8799999999999257
#HIT
1700.9999999999477   0.8538793882176545   1.0800000000000023
1800.9999999999366   0.7078616853034296   1.2600000000000047
1900.9999999999256   0.8433764122911552   1.440000000000007
2000.9999999999147   0.8104525031602021   1.6200000000000094
2100.9999999999036   0.940670333629325   1.8000000000000118
2200.9999999998927   0.8810271933999679   1.9800000000000142
2300.999999999901   0.8906329963705562   2.159999999999997
2400.9999999999145   0.9220457869482223   2.339999999999977
2500.999999999928   0.9582429195603142   2.5199999999999574
2600.999999999942   0.9606275900205408   2.6999999999999376
2700.9999999999554   0.9799054628218326   2.8799999999999177
2800.999999999969   0.9432802710750247   3.059999999999898
2900.9999999999827   0.9485962438584222   3.239999999999878
3000.9999999999964   0.9409769786670994   3.4199999999998583
3100.00000000001   0.9933959133238996   3.5981999999998386
3200.0000000000236   0.9702805379431044   3.778199999999819
#HIT
3300.0000000000373   0.9224184967050162   1.9800000000000024
3400.000000000051   0.8727699976613588   2.159999999999985
#0:17:29.604277
#[-2.1479024623001721, -3.5696913640568502, 5.6651149839421278, 0.030836447833296022, -1.5716139908102669, 0.027981066837721006, 
#7.59049451705551, -5.3492355650473287e-05, 0.14261283019750687, 2.6283250936391274, -0.52509833523801053, -5.43356471463778e-05, 
#-3.7160159940993296, -1.1483217005766562]
